src/actors/libactors.a(TopologyManager.o): In function `Topology':
/home/infinisql/build/infinisql/src/actors/Topology.h:37: undefined reference to `vtable for Topology'
/home/infinisql/build/infinisql/src/actors/Topology.h:37: undefined reference to `vtable for Topology'
/home/infinisql/build/infinisql/src/actors/Topology.h:37: undefined reference to `vtable for Topology'
/home/infinisql/build/infinisql/src/actors/Topology.h:37: undefined reference to `vtable for Topology'
/home/infinisql/build/infinisql/src/actors/Topology.h:37: undefined reference to `vtable for Topology'
src/actors/libactors.a(TopologyManager.o):/home/infinisql/build/infinisql/src/actors/Topology.h:37: more undefined references to `vtable for Topology' follow
src/actors/libactors.a(Actor.o): In function `~TopologyDistinct':
/home/infinisql/build/infinisql/src/actors/Topology.h:52: undefined reference to `Topology::~Topology()'
/home/infinisql/build/infinisql/src/actors/Topology.h:52: undefined reference to `Topology::~Topology()'
src/actors/libactors.a(Actor.o): In function `TopologyDistinct::~TopologyDistinct()':
/home/infinisql/build/infinisql/src/actors/Topology.h:52: undefined reference to `Topology::~Topology()'
src/actors/libactors.a(Actor.o): In function `~TopologyDistinct':
/home/infinisql/build/infinisql/src/actors/Topology.h:52: undefined reference to `Topology::~Topology()'
src/actors/libactors.a(Actor.o):(.rodata._ZTI16TopologyDistinct[_ZTI16TopologyDistinct]+0x10): undefined reference to `typeinfo for Topology'
src/actors/libactors.a(Topology.o): In function `Topology::Topology()':
/home/infinisql/build/infinisql/src/actors/Topology.cc:35: undefined reference to `vtable for Topology'
src/actors/libactors.a(Topology.o): In function `Topology':
/home/infinisql/build/infinisql/src/actors/Topology.cc:35: undefined reference to `vtable for Topology'
src/actors/libactors.a(Topology.o): In function `__static_initialization_and_destruction_0':
/home/infinisql/build/infinisql/src/actors/Topology.cc:32: undefined reference to `Topology::~Topology()'
collect2: error: ld returned 1 exit status
scons: *** [src/infinisqld] Error 1
